
             Description of Fit to CCF Peak and Cross-Correlation
	   NOAO/IRAF V2.14.1 george@maggot Wed 16:41:45 04-Jun-2014

Obj  = `           telluric.fits[1]'   star = `O2_telluric'
Temp = `          temp_norm.fits[1]'   star = `HD118055'
Deltav = 41.514 Km/sec                 Tempvel = INDEF Km/sec

Fit Parameters:
         Function = `gaussian'               Width = 15.
           Height = 0.                    Minwidth = 15.
             Peak = no                    Maxwidth = 15.
          Weights = YES                 Background = INDEF
        Wincenter = INDEF                   Window = INDEF

	Number of points fit = 15
	Number of iterations = 4
	Number of coeffs fit = 1 - 4
	Chi Squared of fit = 9.366E-6
	Fit Coefficients:
		c[1] =   0.1264  +/- 5.0836                     # Amplitude
		c[2] =  -0.5378  +/- 24.301                     # Center
		c[3] =  13.8431  +/- 969.58                     # Sigma^2
		c[4] =   0.0314  +/- 5.3118                     # Background

	Mean Residual = -0.0013742
	Sigma of Residuals = 0.0055324
	Maximum of cross-correlation is in bin = -1.
	Variance of cross-correlation = 0.001079719
	HJD of observation = 0.00000             MJD = 0.00000
	Object sample used in correlation = `A7450.00-7812.00'
	Template sample used in correlation = `A7450.00-7812.00'
	Tonry&Davis R value = 103.2922

Velocity Results:
	Shift of peak = -0.5378 pixels
	Correlation height = 0.158
	FWHM of peak = 363.7213 Km/sec	(=8.761434 pixels)

	Velocity computed from shift = -22.3266 Km/sec
	Observed velocity = -2.2570 Km/sec
	Heliocentric velocity = 0.0000 +/- 2.739 Km/sec

Comments:
	WARNING: Using template velocity of 0 km/s.
	ERROR: Error getting 'DATE-OBS' from object image header.
	ERROR: Error getting 'RA' from object image header.
	ERROR: Error getting 'DEC' from object image header.
	ERROR: Missing EPOCH keyword.
	ERROR: Missing exposure time keyword.
	

